<?xml version="1.0" encoding="UTF-8"?>
<testng-results ignored="0" total="1" passed="1" failed="0" skipped="0">
  <reporter-output>
  </reporter-output>
  <suite started-at="2025-02-26T01:02:37 GMT-03:00" name="MyTestSuite" finished-at="2025-02-26T01:02:37 GMT-03:00" duration-ms="15">
    <groups>
    </groups>
    <test started-at="2025-02-26T01:02:37 GMT-03:00" name="Test Execution" finished-at="2025-02-26T01:02:37 GMT-03:00" duration-ms="15">
      <class name="com.solvd.test.testclass">
        <test-method signature="sampleTest()[pri:0, instance:com.solvd.test.testclass@1a052a00]" started-at="2025-02-26T01:02:37 GMT-03:00" name="sampleTest" finished-at="2025-02-26T01:02:37 GMT-03:00" duration-ms="2" status="PASS">
          <reporter-output>
          </reporter-output>
        </test-method> <!-- sampleTest -->
      </class> <!-- com.solvd.test.testclass -->
    </test> <!-- Test Execution -->
  </suite> <!-- MyTestSuite -->
</testng-results>
